Arguments: 
  /usr/local/bin/node /usr/local/bin/yarn add next react react-dom

PATH: 
  /usr/local/sbin:/usr/local/bin:/usr/sbin:/usr/bin:/sbin:/bin:/usr/games:/usr/local/games:/snap/bin

Yarn version: 
  1.22.10

Node version: 
  14.15.4

Platform: 
  linux x64

Trace: 
  Error: getaddrinfo ENOTFOUND registry.yarnpkg.com
      at GetAddrInfoReqWrap.onlookup [as oncomplete] (dns.js:67:26)

npm manifest: 
  {
    "name": "matheuspsantos.github.io",
    "version": "1.0.0",
    "main": "index.js",
    "repository": "git@github.com:MatheusPSantos/matheuspsantos.github.io.git",
    "author": "Matheus Pereira dos Santos <msantos.2015@alunos.utfpr.edu.br>",
    "license": "MIT"
  }

yarn manifest: 
  No manifest

Lockfile: 
  No lockfile
